Release 14.7 - xst P.20131013 (lin64)
Copyright (c) 1995-2013 Xilinx, Inc.  All rights reserved.
--> 
Parameter TMPDIR set to xst/projnav.tmp


Total REAL time to Xst completion: 0.00 secs
Total CPU time to Xst completion: 0.01 secs
 
--> 
Parameter xsthdpdir set to xst


Total REAL time to Xst completion: 0.00 secs
Total CPU time to Xst completion: 0.01 secs
 
--> 
Reading design: main_motor.prj

TABLE OF CONTENTS
  1) Synthesis Options Summary
  2) HDL Parsing
  3) HDL Elaboration
  4) HDL Synthesis
       4.1) HDL Synthesis Report
  5) Advanced HDL Synthesis
       5.1) Advanced HDL Synthesis Report
  6) Low Level Synthesis
  7) Partition Report
  8) Design Summary
       8.1) Primitive and Black Box Usage
       8.2) Device utilization summary
       8.3) Partition Resource Summary
       8.4) Timing Report
            8.4.1) Clock Information
            8.4.2) Asynchronous Control Signals Information
            8.4.3) Timing Summary
            8.4.4) Timing Details
            8.4.5) Cross Clock Domains Report


=========================================================================
*                      Synthesis Options Summary                        *
=========================================================================
---- Source Parameters
Input File Name                    : "main_motor.prj"
Ignore Synthesis Constraint File   : NO

---- Target Parameters
Output File Name                   : "main_motor"
Output Format                      : NGC
Target Device                      : xc6slx9-3-tqg144

---- Source Options
Top Module Name                    : main_motor
Automatic FSM Extraction           : YES
FSM Encoding Algorithm             : Auto
Safe Implementation                : No
FSM Style                          : LUT
RAM Extraction                     : Yes
RAM Style                          : Auto
ROM Extraction                     : Yes
Shift Register Extraction          : YES
ROM Style                          : Auto
Resource Sharing                   : YES
Asynchronous To Synchronous        : NO
Shift Register Minimum Size        : 2
Use DSP Block                      : Auto
Automatic Register Balancing       : No

---- Target Options
LUT Combining                      : Auto
Reduce Control Sets                : Auto
Add IO Buffers                     : YES
Global Maximum Fanout              : 100000
Add Generic Clock Buffer(BUFG)     : 16
Register Duplication               : YES
Optimize Instantiated Primitives   : NO
Use Clock Enable                   : Auto
Use Synchronous Set                : Auto
Use Synchronous Reset              : Auto
Pack IO Registers into IOBs        : Auto
Equivalent register Removal        : YES

---- General Options
Optimization Goal                  : Speed
Optimization Effort                : 1
Power Reduction                    : NO
Keep Hierarchy                     : No
Netlist Hierarchy                  : As_Optimized
RTL Output                         : Yes
Global Optimization                : AllClockNets
Read Cores                         : YES
Write Timing Constraints           : NO
Cross Clock Analysis               : NO
Hierarchy Separator                : /
Bus Delimiter                      : <>
Case Specifier                     : Maintain
Slice Utilization Ratio            : 100
BRAM Utilization Ratio             : 100
DSP48 Utilization Ratio            : 100
Auto BRAM Packing                  : NO
Slice Utilization Ratio Delta      : 5

=========================================================================


=========================================================================
*                          HDL Parsing                                  *
=========================================================================
Analyzing Verilog file "/home/ise/Share_with_VM_Digital/Project/Solar_tracking/main_motor.vf" into library work
Parsing module <main_motor>.
Parsing VHDL file "/home/ise/Share_with_VM_Digital/Project/Solar_tracking/MOTOR_DRIVER_MAIN.vhd" into library work
Parsing entity <MOTOR_DRIVER_MAIN>.
Parsing architecture <Behavioral> of entity <motor_driver_main>.

=========================================================================
*                            HDL Elaboration                            *
=========================================================================

Elaborating module <main_motor>.
Going to vhdl side to elaborate module MOTOR_DRIVER_MAIN

Elaborating entity <MOTOR_DRIVER_MAIN> (architecture <Behavioral>) from library <work>.
Back to verilog to continue elaboration

Elaborating module <INV>.

=========================================================================
*                           HDL Synthesis                               *
=========================================================================

Synthesizing Unit <main_motor>.
    Related source file is "/home/ise/Share_with_VM_Digital/Project/Solar_tracking/main_motor.vf".
    Summary:
	no macro.
Unit <main_motor> synthesized.

Synthesizing Unit <MOTOR_DRIVER_MAIN>.
    Related source file is "/home/ise/Share_with_VM_Digital/Project/Solar_tracking/MOTOR_DRIVER_MAIN.vhd".
    Found 2-bit register for signal <state>.
    Found 1-bit register for signal <enX>.
    Found 1-bit register for signal <enY>.
    Found 1-bit register for signal <switching>.
    Found 1-bit register for signal <enXMotor>.
    Found 1-bit register for signal <enYMotor>.
    Found 1-bit register for signal <isEnXMotor>.
    Found 1-bit register for signal <isEnYMotor>.
    Found 32-bit register for signal <counter>.
    Found finite state machine <FSM_0> for signal <state>.
    -----------------------------------------------------------------------
    | States             | 3                                              |
    | Transitions        | 4                                              |
    | Inputs             | 1                                              |
    | Outputs            | 3                                              |
    | Clock              | clk (rising_edge)                              |
    | Power Up State     | idle                                           |
    | Encoding           | auto                                           |
    | Implementation     | LUT                                            |
    -----------------------------------------------------------------------
    Found 32-bit adder for signal <counter[31]_GND_4_o_add_2_OUT> created at line 68.
    Found 32-bit comparator greater for signal <GND_4_o_counter[31]_LessThan_2_o> created at line 67
    Summary:
	inferred   1 Adder/Subtractor(s).
	inferred  39 D-type flip-flop(s).
	inferred   1 Comparator(s).
	inferred   4 Multiplexer(s).
	inferred   1 Finite State Machine(s).
Unit <MOTOR_DRIVER_MAIN> synthesized.

=========================================================================
HDL Synthesis Report

Macro Statistics
# Adders/Subtractors                                   : 1
 32-bit adder                                          : 1
# Registers                                            : 8
 1-bit register                                        : 7
 32-bit register                                       : 1
# Comparators                                          : 1
 32-bit comparator greater                             : 1
# Multiplexers                                         : 4
 1-bit 2-to-1 multiplexer                              : 4
# FSMs                                                 : 1

=========================================================================

=========================================================================
*                       Advanced HDL Synthesis                          *
=========================================================================


Synthesizing (advanced) Unit <MOTOR_DRIVER_MAIN>.
The following registers are absorbed into counter <counter>: 1 register on signal <counter>.
Unit <MOTOR_DRIVER_MAIN> synthesized (advanced).

=========================================================================
Advanced HDL Synthesis Report

Macro Statistics
# Counters                                             : 1
 32-bit up counter                                     : 1
# Registers                                            : 7
 Flip-Flops                                            : 7
# Comparators                                          : 1
 32-bit comparator greater                             : 1
# Multiplexers                                         : 4
 1-bit 2-to-1 multiplexer                              : 4
# FSMs                                                 : 1

=========================================================================

=========================================================================
*                         Low Level Synthesis                           *
=========================================================================
Analyzing FSM <MFsm> for best encoding.
Optimizing FSM <XLXI_2/FSM_0> on signal <state[1:2]> with user encoding.
------------------------
 State      | Encoding
------------------------
 idle       | 00
 preprocess | 01
 drive      | 10
------------------------

Optimizing unit <main_motor> ...

Optimizing unit <MOTOR_DRIVER_MAIN> ...
WARNING:Xst:1293 - FF/Latch <XLXI_2/counter_14> has a constant value of 0 in block <main_motor>. This FF/Latch will be trimmed during the optimization process.
WARNING:Xst:1896 - Due to other FF/Latch trimming, FF/Latch <XLXI_2/counter_15> has a constant value of 0 in block <main_motor>. This FF/Latch will be trimmed during the optimization process.
WARNING:Xst:1896 - Due to other FF/Latch trimming, FF/Latch <XLXI_2/counter_16> has a constant value of 0 in block <main_motor>. This FF/Latch will be trimmed during the optimization process.
WARNING:Xst:1896 - Due to other FF/Latch trimming, FF/Latch <XLXI_2/counter_17> has a constant value of 0 in block <main_motor>. This FF/Latch will be trimmed during the optimization process.
WARNING:Xst:1896 - Due to other FF/Latch trimming, FF/Latch <XLXI_2/counter_18> has a constant value of 0 in block <main_motor>. This FF/Latch will be trimmed during the optimization process.
WARNING:Xst:1896 - Due to other FF/Latch trimming, FF/Latch <XLXI_2/counter_19> has a constant value of 0 in block <main_motor>. This FF/Latch will be trimmed during the optimization process.
WARNING:Xst:1896 - Due to other FF/Latch trimming, FF/Latch <XLXI_2/counter_20> has a constant value of 0 in block <main_motor>. This FF/Latch will be trimmed during the optimization process.
WARNING:Xst:1896 - Due to other FF/Latch trimming, FF/Latch <XLXI_2/counter_21> has a constant value of 0 in block <main_motor>. This FF/Latch will be trimmed during the optimization process.
WARNING:Xst:1896 - Due to other FF/Latch trimming, FF/Latch <XLXI_2/counter_22> has a constant value of 0 in block <main_motor>. This FF/Latch will be trimmed during the optimization process.
WARNING:Xst:1896 - Due to other FF/Latch trimming, FF/Latch <XLXI_2/counter_23> has a constant value of 0 in block <main_motor>. This FF/Latch will be trimmed during the optimization process.
WARNING:Xst:1896 - Due to other FF/Latch trimming, FF/Latch <XLXI_2/counter_24> has a constant value of 0 in block <main_motor>. This FF/Latch will be trimmed during the optimization process.
WARNING:Xst:1896 - Due to other FF/Latch trimming, FF/Latch <XLXI_2/counter_25> has a constant value of 0 in block <main_motor>. This FF/Latch will be trimmed during the optimization process.
WARNING:Xst:1896 - Due to other FF/Latch trimming, FF/Latch <XLXI_2/counter_26> has a constant value of 0 in block <main_motor>. This FF/Latch will be trimmed during the optimization process.
WARNING:Xst:1896 - Due to other FF/Latch trimming, FF/Latch <XLXI_2/counter_27> has a constant value of 0 in block <main_motor>. This FF/Latch will be trimmed during the optimization process.
WARNING:Xst:1896 - Due to other FF/Latch trimming, FF/Latch <XLXI_2/counter_28> has a constant value of 0 in block <main_motor>. This FF/Latch will be trimmed during the optimization process.
WARNING:Xst:1896 - Due to other FF/Latch trimming, FF/Latch <XLXI_2/counter_29> has a constant value of 0 in block <main_motor>. This FF/Latch will be trimmed during the optimization process.
WARNING:Xst:1896 - Due to other FF/Latch trimming, FF/Latch <XLXI_2/counter_30> has a constant value of 0 in block <main_motor>. This FF/Latch will be trimmed during the optimization process.
WARNING:Xst:1896 - Due to other FF/Latch trimming, FF/Latch <XLXI_2/counter_31> has a constant value of 0 in block <main_motor>. This FF/Latch will be trimmed during the optimization process.

Mapping all equations...
Building and optimizing final netlist ...
Found area constraint ratio of 100 (+ 5) on block main_motor, actual ratio is 0.

Final Macro Processing ...

=========================================================================
Final Register Report

Macro Statistics
# Registers                                            : 23
 Flip-Flops                                            : 23

=========================================================================

=========================================================================
*                           Partition Report                            *
=========================================================================

Partition Implementation Status
-------------------------------

  No Partitions were found in this design.

-------------------------------

=========================================================================
*                            Design Summary                             *
=========================================================================

Top Level Output File Name         : main_motor.ngc

Primitive and Black Box Usage:
------------------------------
# BELS                             : 94
#      GND                         : 1
#      INV                         : 18
#      LUT1                        : 13
#      LUT2                        : 4
#      LUT3                        : 4
#      LUT4                        : 1
#      LUT5                        : 18
#      MUXCY                       : 20
#      VCC                         : 1
#      XORCY                       : 14
# FlipFlops/Latches                : 23
#      FD                          : 19
#      FDE                         : 4
# Clock Buffers                    : 1
#      BUFGP                       : 1
# IO Buffers                       : 22
#      IBUF                        : 9
#      OBUF                        : 13

Device utilization summary:
---------------------------

Selected Device : 6slx9tqg144-3 


Slice Logic Utilization: 
 Number of Slice Registers:              23  out of  11440     0%  
 Number of Slice LUTs:                   58  out of   5720     1%  
    Number used as Logic:                58  out of   5720     1%  

Slice Logic Distribution: 
 Number of LUT Flip Flop pairs used:     61
   Number with an unused Flip Flop:      38  out of     61    62%  
   Number with an unused LUT:             3  out of     61     4%  
   Number of fully used LUT-FF pairs:    20  out of     61    32%  
   Number of unique control sets:         2

IO Utilization: 
 Number of IOs:                          23
 Number of bonded IOBs:                  23  out of    102    22%  

Specific Feature Utilization:
 Number of BUFG/BUFGCTRLs:                1  out of     16     6%  

---------------------------
Partition Resource Summary:
---------------------------

  No Partitions were found in this design.

---------------------------


=========================================================================
Timing Report

NOTE: THESE TIMING NUMBERS ARE ONLY A SYNTHESIS ESTIMATE.
      FOR ACCURATE TIMING INFORMATION PLEASE REFER TO THE TRACE REPORT
      GENERATED AFTER PLACE-and-ROUTE.

Clock Information:
------------------
-----------------------------------+------------------------+-------+
Clock Signal                       | Clock buffer(FF name)  | Load  |
-----------------------------------+------------------------+-------+
OSC_P123                           | BUFGP                  | 23    |
-----------------------------------+------------------------+-------+

Asynchronous Control Signals Information:
----------------------------------------
No asynchronous control signals found in this design

Timing Summary:
---------------
Speed Grade: -3

   Minimum period: 3.233ns (Maximum Frequency: 309.267MHz)
   Minimum input arrival time before clock: 3.193ns
   Maximum output required time after clock: 3.597ns
   Maximum combinational path delay: 6.737ns

Timing Details:
---------------
All values displayed in nanoseconds (ns)

=========================================================================
Timing constraint: Default period analysis for Clock 'OSC_P123'
  Clock period: 3.233ns (frequency: 309.267MHz)
  Total number of paths / destination ports: 428 / 27
-------------------------------------------------------------------------
Delay:               3.233ns (Levels of Logic = 8)
  Source:            XLXI_2/counter_8 (FF)
  Destination:       XLXI_2/counter_9 (FF)
  Source Clock:      OSC_P123 rising
  Destination Clock: OSC_P123 rising

  Data Path: XLXI_2/counter_8 to XLXI_2/counter_9
                                Gate     Net
    Cell:in->out      fanout   Delay   Delay  Logical Name (Net Name)
    ----------------------------------------  ------------
     FD:C->Q               4   0.447   1.028  XLXI_2/counter_8 (XLXI_2/counter_8)
     LUT5:I0->O            1   0.203   0.000  XLXI_2/Mcompar_GND_4_o_counter[31]_LessThan_2_o_lut<0> (XLXI_2/Mcompar_GND_4_o_counter[31]_LessThan_2_o_lut<0>)
     MUXCY:S->O            1   0.172   0.000  XLXI_2/Mcompar_GND_4_o_counter[31]_LessThan_2_o_cy<0> (XLXI_2/Mcompar_GND_4_o_counter[31]_LessThan_2_o_cy<0>)
     MUXCY:CI->O           1   0.019   0.000  XLXI_2/Mcompar_GND_4_o_counter[31]_LessThan_2_o_cy<1> (XLXI_2/Mcompar_GND_4_o_counter[31]_LessThan_2_o_cy<1>)
     MUXCY:CI->O           1   0.019   0.000  XLXI_2/Mcompar_GND_4_o_counter[31]_LessThan_2_o_cy<2> (XLXI_2/Mcompar_GND_4_o_counter[31]_LessThan_2_o_cy<2>)
     MUXCY:CI->O           1   0.019   0.000  XLXI_2/Mcompar_GND_4_o_counter[31]_LessThan_2_o_cy<3> (XLXI_2/Mcompar_GND_4_o_counter[31]_LessThan_2_o_cy<3>)
     MUXCY:CI->O           1   0.019   0.000  XLXI_2/Mcompar_GND_4_o_counter[31]_LessThan_2_o_cy<4> (XLXI_2/Mcompar_GND_4_o_counter[31]_LessThan_2_o_cy<4>)
     MUXCY:CI->O          15   0.019   0.982  XLXI_2/Mcompar_GND_4_o_counter[31]_LessThan_2_o_cy<5> (XLXI_2/Mcompar_GND_4_o_counter[31]_LessThan_2_o_cy<5>)
     LUT5:I4->O            1   0.205   0.000  XLXI_2/counter_9_rstpot (XLXI_2/counter_9_rstpot)
     FD:D                      0.102          XLXI_2/counter_9
    ----------------------------------------
    Total                      3.233ns (1.224ns logic, 2.009ns route)
                                       (37.9% logic, 62.1% route)

=========================================================================
Timing constraint: Default OFFSET IN BEFORE for Clock 'OSC_P123'
  Total number of paths / destination ports: 8 / 2
-------------------------------------------------------------------------
Offset:              3.193ns (Levels of Logic = 3)
  Source:            yDirIn (PAD)
  Destination:       XLXI_2/enY (FF)
  Destination Clock: OSC_P123 rising

  Data Path: yDirIn to XLXI_2/enY
                                Gate     Net
    Cell:in->out      fanout   Delay   Delay  Logical Name (Net Name)
    ----------------------------------------  ------------
     IBUF:I->O             3   1.222   0.879  yDirIn_IBUF (yDirIn_IBUF)
     LUT3:I0->O            1   0.205   0.580  XLXI_2/enY_rstpot1_SW0 (N2)
     LUT5:I4->O            1   0.205   0.000  XLXI_2/enY_rstpot1 (XLXI_2/enY_rstpot1)
     FD:D                      0.102          XLXI_2/enY
    ----------------------------------------
    Total                      3.193ns (1.734ns logic, 1.459ns route)
                                       (54.3% logic, 45.7% route)

=========================================================================
Timing constraint: Default OFFSET OUT AFTER for Clock 'OSC_P123'
  Total number of paths / destination ports: 4 / 4
-------------------------------------------------------------------------
Offset:              3.597ns (Levels of Logic = 1)
  Source:            XLXI_2/enXMotor (FF)
  Destination:       enXMotor (PAD)
  Source Clock:      OSC_P123 rising

  Data Path: XLXI_2/enXMotor to enXMotor
                                Gate     Net
    Cell:in->out      fanout   Delay   Delay  Logical Name (Net Name)
    ----------------------------------------  ------------
     FDE:C->Q              1   0.447   0.579  XLXI_2/enXMotor (XLXI_2/enXMotor)
     OBUF:I->O                 2.571          enXMotor_OBUF (enXMotor)
    ----------------------------------------
    Total                      3.597ns (3.018ns logic, 0.579ns route)
                                       (83.9% logic, 16.1% route)

=========================================================================
Timing constraint: Default path analysis
  Total number of paths / destination ports: 9 / 9
-------------------------------------------------------------------------
Delay:               6.737ns (Levels of Logic = 4)
  Source:            yDirIn (PAD)
  Destination:       L6_P74 (PAD)

  Data Path: yDirIn to L6_P74
                                Gate     Net
    Cell:in->out      fanout   Delay   Delay  Logical Name (Net Name)
    ----------------------------------------  ------------
     IBUF:I->O             3   1.222   0.650  yDirIn_IBUF (yDirIn_IBUF)
     INV:I->O              1   0.568   0.579  XLXI_52 (XLXN_74)
     INV:I->O              1   0.568   0.579  XLXI_53 (L6_P74_OBUF)
     OBUF:I->O                 2.571          L6_P74_OBUF (L6_P74)
    ----------------------------------------
    Total                      6.737ns (4.929ns logic, 1.808ns route)
                                       (73.2% logic, 26.8% route)

=========================================================================

Cross Clock Domains Report:
--------------------------

Clock to Setup on destination clock OSC_P123
---------------+---------+---------+---------+---------+
               | Src:Rise| Src:Fall| Src:Rise| Src:Fall|
Source Clock   |Dest:Rise|Dest:Rise|Dest:Fall|Dest:Fall|
---------------+---------+---------+---------+---------+
OSC_P123       |    3.233|         |         |         |
---------------+---------+---------+---------+---------+

=========================================================================


Total REAL time to Xst completion: 9.00 secs
Total CPU time to Xst completion: 1.09 secs
 
--> 


Total memory usage is 483512 kilobytes

Number of errors   :    0 (   0 filtered)
Number of warnings :   18 (   0 filtered)
Number of infos    :    0 (   0 filtered)

