
****** PlanAhead v14.7 (64-bit)
  **** Build 321239 by xbuild on Fri Sep 27 19:24:36 MDT 2013
    ** Copyright 1986-1999, 2001-2013 Xilinx, Inc. All Rights Reserved.

INFO: [Common 17-78] Attempting to get a license: PlanAhead
INFO: [Common 17-290] Got license for PlanAhead
INFO: [Common 17-86] Your PlanAhead license expires in -2746 day(s)
INFO: [Device 21-36] Loading parts and site information from /opt/Xilinx/14.7/ISE_DS/PlanAhead/data/parts/arch.xml
Parsing RTL primitives file [/opt/Xilinx/14.7/ISE_DS/PlanAhead/data/parts/xilinx/rtl/prims/rtl_prims.xml]
Finished parsing RTL primitives file [/opt/Xilinx/14.7/ISE_DS/PlanAhead/data/parts/xilinx/rtl/prims/rtl_prims.xml]
start_gui
source /home/ise/Share_with_VM_Digital/Project/Solar_tracking/pa.fromHdl.tcl
# create_project -name Solar_tracking -dir "/home/ise/Share_with_VM_Digital/Project/Solar_tracking/planAhead_run_3" -part xc6slx9tqg144-3
create_project: Time (s): cpu = 00:00:00.62 ; elapsed = 00:00:05 . Memory (MB): peak = 2663.977 ; gain = 20.141
# set_param project.pinAheadLayout yes
# set srcset [get_property srcset [current_run -impl]]
# set_property target_constrs_file "main.ucf" [current_fileset -constrset]
Adding file '/home/ise/Share_with_VM_Digital/Project/Solar_tracking/main.ucf' to fileset 'constrs_1'
# set hdlfile [add_files [list {MOTOR_DRIVER_MAIN.vhd}]]
# set_property file_type VHDL $hdlfile
# set_property library work $hdlfile
# set hdlfile [add_files [list {main_motor.vf}]]
# set_property file_type Verilog $hdlfile
# set_property library work $hdlfile
# set_property top main_motor $srcset
# add_files [list {main.ucf}] -fileset [get_property constrset [current_run]]
# open_rtl_design -part xc6slx9tqg144-3
Using Verific elaboration
Parsing VHDL file "/opt/Xilinx/14.7/ISE_DS/PlanAhead/data/parts/xilinx/rtl/lib/synplify/synattr.vhd" into library synplify
Parsing VHDL file "/opt/Xilinx/14.7/ISE_DS/PlanAhead/data/parts/xilinx/rtl/lib/synplify/synattr.vhd" into library synplify
Parsing VHDL file "/home/ise/Share_with_VM_Digital/Project/Solar_tracking/MOTOR_DRIVER_MAIN.vhd" into library work
Loading clock regions from /opt/Xilinx/14.7/ISE_DS/PlanAhead/data/parts/xilinx/spartan6/spartan6lx/xc6slx9/ClockRegion.xml
Loading clock buffers from /opt/Xilinx/14.7/ISE_DS/PlanAhead/data/parts/xilinx/spartan6/spartan6lx/xc6slx9/ClockBuffers.xml
Loading package pin functions from /opt/Xilinx/14.7/ISE_DS/PlanAhead/data/parts/xilinx/spartan6/PinFunctions.xml...
Loading package from /opt/Xilinx/14.7/ISE_DS/PlanAhead/data/parts/xilinx/spartan6/spartan6lx/xc6slx9/tqg144/Package.xml
Loading io standards from /opt/Xilinx/14.7/ISE_DS/PlanAhead/data/./parts/xilinx/spartan6/IOStandards.xml
Loading device configuration modes from /opt/Xilinx/14.7/ISE_DS/PlanAhead/data/parts/xilinx/spartan6/ConfigModes.xml
Loading list of drcs for the architecture : /opt/Xilinx/14.7/ISE_DS/PlanAhead/data/./parts/xilinx/spartan6/drc.xml
Parsing UCF File [/home/ise/Share_with_VM_Digital/Project/Solar_tracking/main.ucf]
Finished Parsing UCF File [/home/ise/Share_with_VM_Digital/Project/Solar_tracking/main.ucf]
INFO: [Project 1-111] Unisim Transformation Summary:
No Unisim elements were transformed.

Phase 0 | Netlist Checksum: 116af2ed
open_rtl_design: Time (s): cpu = 00:00:03 ; elapsed = 00:00:17 . Memory (MB): peak = 2786.723 ; gain = 110.730
update_compile_order -fileset sim_1
startgroup
set_property package_pin P5 [get_ports xDirIn]
endgroup
startgroup
set_property package_pin P7 [get_ports yDirIn]
endgroup
startgroup
set_property package_pin P9 [get_ports gx]
endgroup
startgroup
set_property package_pin P11 [get_ports gy]
endgroup
save_constraints
exit
ERROR: [Common 17-39] 'stop_gui' failed due to earlier errors.
INFO: [Common 17-206] Exiting PlanAhead at Tue Nov  5 16:52:01 2024...
INFO: [Common 17-83] Releasing license: PlanAhead
